PROFIT
11789734.797381

X_VALUES
SH001 0.000000
SH002 448.857143
SH003 0.000000
SH004 0.000000
SH005 33.142857
SH006 0.000000
SH007 0.000000
SH008 0.000000
SH009 27.000000
SH010 0.000000
SH011 433.428571
SH012 289.045479
SH013 425.428571
SH014 0.000000
SH015 0.000000
SH016 0.000000
SH017 0.000000
SH018 247.219076
SH019 200.088181
SH020 0.000000
SH021 0.000000
SH022 0.000000
SH023 0.000000
SH024 399.379438
SH025 404.285714
SH026 0.000000
SH027 434.000000
SH028 0.000000
SH029 410.216097
SH030 0.000000
SH031 305.621537
SH032 490.857143
SH033 0.000000
SH034 372.571429
SH035 0.000000
SH036 0.000000
SH037 0.000000
SH038 478.571429
SH039 389.428571
SH040 432.857143
SH041 338.737651
SH042 215.136535
SH043 0.000000
SH044 442.285714
SH045 374.305725
SH046 0.000000
SH047 410.571429
SH048 292.214105
SH049 0.000000
SH050 437.428571
SH051 0.000000
SH052 0.000000
SH053 0.000000
SH054 0.000000
SH055 0.000000
SH056 0.000000
SH057 204.809652
SH058 432.000000
SH059 7.678934
SH060 191.180607
SH061 167.912491
SH062 458.285714
SH063 446.000000
SH064 18.253380
SH065 369.038959
SH066 0.000000
SH067 0.000000
SH068 0.000000
SH069 0.000000
SH070 0.000000
SH071 338.729442
SH072 6.879162
SH073 345.834251
SH074 0.000000
SH075 0.000000
SH076 64.900775
SH077 176.860049
SH078 407.142857
SH079 195.042297
SH080 409.428571
SH081 163.884055
SH082 288.761560
SH083 0.000000
SH084 0.000000
SH085 0.000000
SH086 0.000000
SH087 430.000000
SH088 423.428571
SH089 0.000000
SH090 474.571429
SH091 0.000000
SH092 0.000000
SH093 284.526710
SH094 307.216422
SH095 422.285714
SH096 452.571429
SH097 0.000000
SH098 0.000000
SH099 0.000000
SH100 0.000000
SH101 0.000000
SH102 0.000000
SH103 0.000000
SH104 0.000000
SH105 418.000000
SH106 201.096408
SH107 1.435400
SH108 0.000000
SH109 0.000000
SH110 417.142857
SH111 0.000000
SH112 0.000000
SH113 454.285714
SH114 0.000000
SH115 0.000000
SH116 199.755343
SH117 20.531127
SH118 293.556956
SH119 0.000000
SH120 0.000000
SH121 508.285714
SH122 0.000000
SH123 0.000000
SH124 0.000000
SH125 0.000000
SH126 75.601951
SH127 381.295425
SH128 0.000000
SH129 0.000000
SH130 93.665242
SH131 54.725992
SH132 0.000000
SH133 134.866039
SH134 490.285714
SH135 0.000000
SH136 0.000000
SH137 0.000000
SH138 0.000000
SH139 0.000000
SH140 0.000000
SH141 0.000000
SH142 398.857143
SH143 0.000000
SH144 448.857143
SH145 0.000000
SH146 489.142857
SH147 68.413731
SH148 0.000000
SH149 88.382970
SH150 425.428571
SH151 0.000000
SH152 0.000000
SH153 129.820360
SH154 437.142857
SH155 0.000000
SH156 0.000000
SH157 0.000000
SH158 0.000000
SH159 0.000000
SH160 21.000000
SH161 0.000000
SH162 0.000000
SH163 0.000000
SH164 0.000000
SH165 460.000000
SH166 0.000000
SH167 0.000000
SH168 379.925863
SH169 0.000000
SH170 0.000000
SH171 0.000000
SH172 82.352070
SH173 308.490511
SH174 0.000000
SH175 0.000000
SH176 450.285714
SH177 0.000000
SH178 139.774600
SH179 107.644936
SH180 0.000000
SH181 0.000000
SH182 0.000000
SH183 10.718184
SH184 105.162651
SH185 370.617030
SH186 68.057243
SH187 114.792982
SH188 246.231506
SH189 0.000000
SH190 0.000000
SH191 80.617748
SH192 0.000000
SH193 0.000000
SH194 303.542902
SH195 243.065512
SH196 0.000000
SH197 437.428571
SH198 0.000000
SH199 0.000000
SH200 0.000000
SH201 476.285714
SH202 0.000000
SH203 500.571429
SH204 0.000000
SH205 144.364727
SH206 0.000000
SH207 0.000000
SH208 0.000000
SH209 436.423091
SH210 0.000000
SH211 0.000000
SH212 0.000000
SH213 436.857143
SH214 0.000000
SH215 0.000000
SH216 0.000000
SH217 205.840018
SH218 0.000000
SH219 0.000000
SH220 0.000000
SH221 468.285714
SH222 2.787495
SH223 409.142857
SH224 442.571429
SH225 403.874090
SH226 418.857143
SH227 256.222032
SH228 0.000000
SH229 0.000000
SH230 69.666158
SH231 0.000000
SH232 418.971815
SH233 448.571429
SH234 405.142857
SH235 470.857143
SH236 496.857143
SH237 0.000000
SH238 396.465173
SH239 109.914053
SH240 107.109160
SH241 418.571429
SH242 0.000000
SH243 0.000000
SH244 241.933961
SH245 0.000000
SH246 0.000000
SH247 422.000000
SH248 78.536673
SH249 405.428571
SH250 0.000000
SH251 0.000000
SH252 0.000000
SH253 381.142857
SH254 479.428571
SH255 202.693471
SH256 434.285714
SH257 0.000000
SH258 0.000000
SH259 0.000000
SH260 1.937375
SH261 409.142857
SH262 411.142857
SH263 0.000000
SH264 0.000000
SH265 413.142857
SH266 0.000000
SH267 0.000000
SH268 0.000000
SH269 429.428571
SH270 76.121235
SH271 0.000000
SH272 0.000000
SH273 267.013655
SH274 119.007884
SH275 0.000000
SH276 279.884098
SH277 422.857143
SH278 0.000000
SH279 18.889077
SH280 0.000000
SH281 307.907103
SH282 415.142857
SH283 0.000000
SH284 460.889003
SH285 0.000000
SH286 436.547605
SH287 410.285714
SH288 162.086315
SH289 429.828571
SH290 129.569885
SH291 0.000000
SH292 136.365490
SH293 0.000000
SH294 0.000000
SH295 403.428571
SH296 0.000000
SH297 0.000000
SH298 110.828571
SH299 408.014244
SH300 427.428571
SH301 0.000000
SH302 0.000000
SH303 0.000000
SH304 0.000000
SH305 0.000000
SH306 0.000000
SH307 81.294306
SH308 266.426993
SH309 0.000000
SH310 0.000000
SH311 0.000000
SH312 476.857143
SH313 483.428571
SH314 391.142857
SH315 0.000000
SH316 168.418912
SH317 316.143246
SH318 0.000000
SH319 0.000000
SH320 462.285714
SH321 0.000000
SH322 290.699024
SH323 0.000000
SH324 0.000000
SH325 475.142857
SH326 0.000000
SH327 0.000000
SH328 194.248335
SH329 400.000000
SH330 0.000000
SH331 0.000000
SH332 0.000000
SH333 0.000000
SH334 386.571429
SH335 0.000000
SH336 0.000000
SH337 0.000000
SH338 109.157269
SH339 0.000000
SH340 439.434980
SH341 429.428571
SH342 299.330140
SH343 30.109683
SH344 0.000000
SH345 317.786486
SH346 0.000000
SH347 176.702596
SH348 488.857143
SH349 40.679504
SH350 0.000000
SH351 0.000000
SH352 396.571429
SH353 0.000000
SH354 0.000000
SH355 0.000000
SH356 186.219872
SH357 0.000000
SH358 0.000000
SH359 20.719579
SH360 0.000000
SH361 417.428571
SH362 419.428571
SH363 0.000000
SH364 0.000000
SH365 259.803765
SH366 197.702342
SH367 452.285714
SH368 0.000000
SH369 378.000000
SH370 0.000000
SH371 0.000000
SH372 273.751017
SH373 416.571429
SH374 0.000000
SH375 0.000000
SH376 24.094101
SH377 148.670850
SH378 422.571429
SH379 254.091978
SH380 0.000000
SH381 17.829703
SH382 0.000000
SH383 0.000000
SH384 504.571429
SH385 0.000000
SH386 0.000000
SH387 0.000000
SH388 0.215179
SH389 0.000000
SH390 0.000000
SH391 127.685322
SH392 0.000000
SH393 0.000000
SH394 0.000000
SH395 448.376450
SH396 0.000000
SH397 0.000000
SH398 0.000000
SH399 442.857143
SH400 0.000000
SH401 0.000000
SH402 43.864381
SH403 0.000000
SH404 0.000000
SH405 0.000000
SH406 0.000000
SH407 437.428571
SH408 0.000000
SH409 0.000000
SH410 262.167869
SH411 399.903726
SH412 87.677842
SH413 0.000000
SH414 0.000000
SH415 438.285714
SH416 0.000000
SH417 482.000000
SH418 343.171235
SH419 289.919855
SH420 89.707726
SH421 416.571429
SH422 0.000000
SH423 419.017402
SH424 0.000000
SH425 458.571429
SH426 0.000000
SH427 477.428571
SH428 0.000000
SH429 27.373543
SH430 430.000000
SH431 0.000000
SH432 0.000000
SH433 0.000000
SH434 0.000000
SH435 245.974814
SH436 0.000000
SH437 0.000000
SH438 96.800000
SH439 0.000000
SH440 0.000000
SH441 0.000000
SH442 0.000000
SH443 0.000000
SH444 175.467448
SH445 462.857143
SH446 0.000000
SH447 458.857143
SH448 0.000000
SH449 209.982323
SH450 0.000000
SH451 455.428571
SH452 0.000000
SH453 470.857143
SH454 0.000000
SH455 0.515306
SH456 430.000000
SH457 252.963726
SH458 218.810991
SH459 265.488004
SH460 0.000000
SH461 0.000000
SH462 181.706491
SH463 0.000000
SH464 403.217831
SH465 270.281610
SH466 440.857143
SH467 126.223201
SH468 141.203995
SH469 0.000000
SH470 379.232952
SH471 394.488592
SH472 292.348511
SH473 194.342608
SH474 281.761589
SH475 0.000000
SH476 416.857143
SH477 422.571429
SH478 354.294487
SH479 488.285714
SH480 0.000000
SH481 0.000000
SH482 112.234286
SH483 434.571429
SH484 0.000000
SH485 0.000000
SH486 0.000000
SH487 83.104189
SH488 0.000000
SH489 441.428571
SH490 537.142857
SH491 183.510581
SH492 39.363425
SH493 0.000000
SH494 64.904762
SH495 136.333456
SH496 0.000000
SH497 450.285714
SH498 239.480291
SH499 104.378226
SH500 425.428571
SH501 420.571429
SH502 0.000000
SH503 0.000000
SH504 0.000000
SH505 0.000000
SH506 0.000000
SH507 98.866985
SH508 415.950133
SH509 0.000000
SH510 0.000000
SH511 398.000000
SH512 30.403612
SH513 327.342066
SH514 396.857143
SH515 0.000000
SH516 425.142857
SH517 0.000000
SH518 0.000000
SH519 0.000000
SH520 123.142113
SH521 231.569920
SH522 54.151555
SH523 134.921794
SH524 96.530810
SH525 152.445782
SH526 0.000000
SH527 258.750725
SH528 0.000000
SH529 0.000000
SH530 0.000000
SH531 0.000000
SH532 475.428571
SH533 0.000000
SH534 406.285714
SH535 440.571429
SH536 31.900845
SH537 280.044457
SH538 0.000000
SH539 0.000000
SH540 170.323886
SH541 3.884842
SH542 0.000000
SH543 332.092708
SH544 0.000000
SH545 0.000000
SH546 275.724872
SH547 0.000000
SH548 0.000000
SH549 61.080400
SH550 0.000000
SH551 0.000000
SH552 181.329739
SH553 0.000000
SH554 0.000000
SH555 0.000000
SH556 423.142857
SH557 470.285714

RAW_MATERIAL_TABLE
RM  Consumed  Available  Slack  Dual
1 5770.000000 5770.000000 0.000000 0.000000
2 25733.000000 25733.000000 0.000000 0.000000
3 29863.000000 29863.000000 0.000000 0.000000
4 27300.000000 27300.000000 -0.000000 0.000000
5 17758.000000 17758.000000 0.000000 0.000000
6 20843.000000 20843.000000 -0.000000 0.000000
7 21449.000000 21449.000000 0.000000 0.000000
8 18589.000000 18589.000000 -0.000000 0.000000
9 18723.000000 18723.000000 0.000000 0.000000
10 14523.000000 14523.000000 0.000000 0.000000
11 25275.000000 25275.000000 -0.000000 0.000000
12 32890.000000 32890.000000 0.000000 0.000000
13 21216.000000 21216.000000 0.000000 0.000000
14 13292.000000 13292.000000 0.000000 0.000000
15 16780.000000 16780.000000 -0.000000 0.000000
16 19836.000000 19836.000000 0.000000 0.000000
17 19472.000000 19472.000000 0.000000 0.000000
18 23473.000000 23473.000000 0.000000 0.000000
19 17434.000000 17434.000000 0.000000 0.000000
20 8486.000000 8486.000000 -0.000000 0.000000
21 12146.000000 12146.000000 -0.000000 0.000000
22 34875.000000 34875.000000 0.000000 0.000000
23 26091.000000 26091.000000 -0.000000 0.000000
24 27970.000000 27970.000000 0.000000 0.000000
25 18702.000000 18702.000000 0.000000 0.000000
26 24056.000000 24056.000000 0.000000 0.000000
27 28169.000000 28169.000000 0.000000 0.000000
28 28457.000000 28457.000000 0.000000 0.000000
29 28509.000000 28509.000000 -0.000000 0.000000
30 13040.000000 13040.000000 -0.000000 0.000000
31 4280.000000 4280.000000 -0.000000 0.000000
32 8494.000000 8494.000000 -0.000000 0.000000
33 6217.000000 6217.000000 0.000000 0.000000
34 8295.000000 8295.000000 0.000000 0.000000
35 5084.000000 5084.000000 0.000000 0.000000
36 7434.000000 7434.000000 0.000000 0.000000
37 6478.000000 6478.000000 0.000000 0.000000
38 5719.000000 5719.000000 -0.000000 0.000000
39 6374.000000 6374.000000 -0.000000 0.000000
40 7758.000000 7758.000000 -0.000000 0.000000
41 4438.000000 4438.000000 0.000000 0.000000
42 7001.000000 7001.000000 0.000000 0.000000
43 5877.000000 5877.000000 -0.000000 0.000000
44 5984.000000 5984.000000 0.000000 0.000000
45 6264.000000 6264.000000 0.000000 0.000000
46 6253.000000 6253.000000 0.000000 0.000000
47 5739.000000 5739.000000 0.000000 0.000000
48 5580.000000 5580.000000 0.000000 0.000000
49 6778.000000 6778.000000 -0.000000 0.000000
50 7448.000000 7448.000000 0.000000 0.000000
51 6520.000000 6520.000000 -0.000000 0.000000
52 6074.000000 6074.000000 0.000000 0.000000
53 9049.000000 9049.000000 0.000000 0.000000
54 9008.000000 9008.000000 -0.000000 0.000000
55 1997.000000 1997.000000 -0.000000 0.000000
56 4632.000000 4632.000000 0.000000 0.000000
57 8542.000000 8542.000000 0.000000 0.000000
58 12843.000000 12843.000000 -0.000000 0.000000
59 10916.000000 10916.000000 -0.000000 0.000000
60 11919.000000 11919.000000 0.000000 0.000000
61 7357.000000 7357.000000 0.000000 0.000000
62 11927.000000 11927.000000 0.000000 0.000000
63 16149.000000 16149.000000 -0.000000 0.000000
64 6617.000000 6617.000000 0.000000 0.000000
65 7351.000000 7351.000000 0.000000 0.000000
66 12346.000000 12346.000000 0.000000 0.000000
67 9950.000000 9950.000000 -0.000000 0.000000
68 15177.000000 15177.000000 0.000000 0.000000
69 9647.000000 9647.000000 0.000000 0.000000
70 14964.000000 14964.000000 0.000000 0.000000
71 13912.000000 13912.000000 0.000000 0.000000
72 12450.000000 12450.000000 0.000000 0.000000
73 11607.000000 11607.000000 -0.000000 0.000000
74 11010.000000 11010.000000 0.000000 0.000000
75 10087.000000 10087.000000 -0.000000 0.000000
76 12405.000000 12405.000000 0.000000 0.000000
77 13271.000000 13271.000000 -0.000000 0.000000
78 9192.000000 9192.000000 0.000000 0.000000
79 10649.000000 10649.000000 0.000000 0.000000
80 9038.000000 9038.000000 0.000000 0.000000
81 9764.000000 9764.000000 0.000000 0.000000
82 9492.000000 9492.000000 0.000000 0.000000
83 8838.000000 8838.000000 0.000000 0.000000
84 9929.000000 9929.000000 0.000000 0.000000
85 5292.000000 5292.000000 0.000000 0.000000
86 3777.000000 3777.000000 -0.000000 0.000000
87 8367.000000 8367.000000 0.000000 0.000000
88 8404.000000 8404.000000 -0.000000 0.000000
89 10225.000000 10225.000000 0.000000 0.000000
90 9642.000000 9642.000000 0.000000 0.000000
91 10416.000000 10416.000000 0.000000 0.000000
92 12210.000000 12210.000000 0.000000 0.000000
93 10952.000000 10952.000000 -0.000000 0.000000
94 5872.000000 5872.000000 0.000000 0.000000
95 12922.000000 12922.000000 -0.000000 0.000000
96 14294.000000 14294.000000 0.000000 0.000000
97 6950.000000 6950.000000 0.000000 0.000000
98 4216.000000 4216.000000 0.000000 0.000000
99 15655.000000 15655.000000 0.000000 0.000000
100 9194.000000 9194.000000 0.000000 0.000000
101 10649.000000 10649.000000 -0.000000 0.000000
102 7101.000000 7101.000000 -0.000000 0.000000
103 8280.000000 8280.000000 0.000000 0.000000
104 6051.000000 6051.000000 0.000000 0.000000
105 8438.000000 8438.000000 0.000000 0.000000
106 10293.000000 10293.000000 -0.000000 0.000000
107 9448.000000 9448.000000 -0.000000 0.000000
108 8217.000000 8217.000000 0.000000 0.000000
109 7769.000000 7769.000000 -0.000000 0.000000
110 7434.000000 7434.000000 0.000000 0.000000
111 5758.000000 5758.000000 -0.000000 0.000000
112 7987.000000 7987.000000 0.000000 0.000000
113 4010.000000 4010.000000 0.000000 0.000000
114 4998.000000 4998.000000 0.000000 0.000000
115 7411.000000 7411.000000 0.000000 0.000000
116 7777.000000 7777.000000 0.000000 0.000000
117 7841.000000 7841.000000 0.000000 0.000000
118 3183.000000 3183.000000 -0.000000 0.000000
119 8954.000000 8954.000000 0.000000 0.000000
120 4657.000000 4657.000000 0.000000 0.000000
121 4533.000000 4533.000000 0.000000 0.000000
122 5378.000000 5378.000000 0.000000 0.000000
123 10138.000000 10138.000000 0.000000 0.000000
124 3939.000000 3939.000000 -0.000000 0.000000
125 5621.000000 5621.000000 0.000000 0.000000
126 5819.000000 5819.000000 0.000000 0.000000
127 5634.000000 5634.000000 0.000000 0.000000
128 4195.000000 4195.000000 0.000000 0.000000
129 1590.000000 1590.000000 0.000000 0.000000
130 5159.000000 5159.000000 0.000000 0.000000
131 5194.000000 5194.000000 0.000000 0.000000
132 6809.000000 6809.000000 -0.000000 0.000000
133 4818.000000 4818.000000 0.000000 0.000000
134 5716.000000 5716.000000 0.000000 0.000000
135 5728.000000 5728.000000 0.000000 0.000000
136 9367.000000 9367.000000 0.000000 0.000000
137 3089.000000 3089.000000 0.000000 0.000000
138 3178.000000 3178.000000 -0.000000 0.000000
139 5951.000000 5951.000000 0.000000 0.000000
140 5544.000000 5544.000000 0.000000 0.000000
141 3769.000000 3769.000000 0.000000 0.000000
142 5292.000000 5292.000000 0.000000 0.000000
143 8416.000000 8416.000000 0.000000 0.000000
144 7103.000000 7103.000000 0.000000 0.000000
145 6518.000000 6518.000000 0.000000 0.000000
146 4071.000000 4071.000000 0.000000 0.000000
147 5753.000000 5753.000000 0.000000 0.000000
148 7878.000000 7878.000000 0.000000 0.000000
149 5160.000000 5160.000000 0.000000 0.000000
150 3617.000000 3617.000000 -0.000000 0.000000
151 3587.000000 3587.000000 -0.000000 0.000000
152 5654.000000 5654.000000 -0.000000 0.000000
153 9861.000000 9861.000000 -0.000000 0.000000
154 5563.000000 5563.000000 0.000000 0.000000
155 6967.000000 6967.000000 0.000000 0.000000
156 9388.000000 9388.000000 0.000000 0.000000
157 3605.000000 3605.000000 -0.000000 0.000000
158 4621.000000 4621.000000 0.000000 0.000000
159 6090.000000 6090.000000 -0.000000 0.000000
160 6516.000000 6516.000000 -0.000000 0.000000
161 4343.000000 4343.000000 0.000000 0.000000
162 5660.000000 5660.000000 0.000000 0.000000
163 2319.000000 2319.000000 0.000000 0.000000
164 38576.000000 38576.000000 0.000000 0.000000
165 42018.000000 42018.000000 0.000000 0.000000

MACHINE_CONSTRAINTS
Machine  Slack  Dual
1 18922.563937 0.000000
2 14569.070503 0.000000
3 15037.080667 0.000000
4 17022.237575 0.000000
5 13022.866324 0.000000
6 14053.964838 0.000000
7 14563.018388 0.000000
8 15418.541017 0.000000
9 14433.796292 0.000000
10 17564.029272 0.000000
11 18658.190301 0.000000
12 17352.507257 0.000000
13 16860.495970 0.000000
14 17353.377697 0.000000
15 16525.052368 0.000000
16 18165.819798 0.000000
17 18281.506429 0.000000
18 18043.722046 0.000000
19 18299.396755 0.000000
20 18105.597011 0.000000
21 19783.970085 0.000000
22 19803.755357 0.000000
23 19352.873448 0.000000
24 19586.989543 0.000000
25 19453.521733 0.000000
26 19334.540011 0.000000
27 19047.524568 0.000000
28 19350.116442 0.000000
29 19434.913062 0.000000
30 19768.405937 0.000000
31 19591.541063 0.000000
32 18411.937158 0.000000
33 18802.152941 0.000000
34 18884.792428 0.000000
35 18528.421543 0.000000
36 18710.755996 0.000000
37 18241.943258 0.000000
38 18245.646903 0.000000
39 19280.337383 0.000000
40 19722.901567 0.000000
41 12870.221481 0.000000
42 12211.386648 0.000000
43 12590.687707 0.000000
44 11884.099939 0.000000
45 14902.353246 0.000000
46 12292.347565 0.000000
47 14262.883577 0.000000
48 9964.688838 0.000000
49 11867.726459 0.000000
50 14350.546128 0.000000
51 19263.004498 0.000000
52 17895.339838 0.000000
53 17300.413843 0.000000
54 17044.976207 0.000000
55 16469.718991 0.000000
56 18655.369368 0.000000
57 17999.485612 0.000000
58 18348.135523 0.000000
59 18549.604336 0.000000
60 18519.358051 0.000000
61 13829.332870 0.000000
62 10631.364992 0.000000
63 7140.857605 0.000000
64 11159.127385 0.000000
65 13106.029289 0.000000
66 10728.742152 0.000000
67 11329.234602 0.000000
68 7940.718260 0.000000
69 9139.055851 0.000000
70 13355.286291 0.000000
71 14550.604447 0.000000
72 14759.940761 0.000000

RM_BUDGET
5393833.160000 0.000000

WAREHOUSE_CAP
4406.000000 0.000000
